[debug] [2022-02-04T10:33:12.345Z] ----------------------------------------------------------------------
[debug] [2022-02-04T10:33:12.348Z] Command:       C:\Program Files\nodejs\node.exe C:\Users\utkamag\AppData\Roaming\npm\node_modules\firebase-tools\lib\bin\firebase.js deploy --only hosting
[debug] [2022-02-04T10:33:12.349Z] CLI Version:   10.1.4
[debug] [2022-02-04T10:33:12.349Z] Platform:      win32
[debug] [2022-02-04T10:33:12.349Z] Node Version:  v16.13.1
[debug] [2022-02-04T10:33:12.350Z] Time:          Fri Feb 04 2022 14:33:12 GMT+0400 (Самарское стандартное время)
[debug] [2022-02-04T10:33:12.351Z] ----------------------------------------------------------------------
[debug] 
[debug] [2022-02-04T10:33:12.455Z] > command requires scopes: ["email","openid","https://www.googleapis.com/auth/cloudplatformprojects.readonly","https://www.googleapis.com/auth/firebase","https://www.googleapis.com/auth/cloud-platform"]
[debug] [2022-02-04T10:33:12.456Z] > authorizing via signed-in user (egora1s2d3egor@gmail.com)
[debug] [2022-02-04T10:33:12.456Z] [iam] checking project project-1-5dd73 for permissions ["firebase.projects.get","firebasehosting.sites.update"]
[debug] [2022-02-04T10:33:12.458Z] > refreshing access token with scopes: []
[debug] [2022-02-04T10:33:12.460Z] >>> HTTP REQUEST POST https://www.googleapis.com/oauth2/v3/token  
 <request body omitted>
[debug] [2022-02-04T10:33:12.670Z] <<< HTTP RESPONSE 200 {"expires":"Mon, 01 Jan 1990 00:00:00 GMT","cache-control":"no-cache, no-store, max-age=0, must-revalidate","date":"Fri, 04 Feb 2022 10:33:10 GMT","pragma":"no-cache","content-type":"application/json; charset=utf-8","vary":"X-Origin, Referer, Origin,Accept-Encoding","server":"scaffolding on HTTPServer2","x-xss-protection":"0","x-frame-options":"SAMEORIGIN","x-content-type-options":"nosniff","alt-svc":"h3=\":443\"; ma=2592000,h3-29=\":443\"; ma=2592000,h3-Q050=\":443\"; ma=2592000,h3-Q046=\":443\"; ma=2592000,h3-Q043=\":443\"; ma=2592000,quic=\":443\"; ma=2592000; v=\"46,43\"","accept-ranges":"none","transfer-encoding":"chunked"}
[debug] [2022-02-04T10:33:12.688Z] >>> [apiv2][query] POST https://cloudresourcemanager.googleapis.com/v1/projects/project-1-5dd73:testIamPermissions [none]
[debug] [2022-02-04T10:33:12.688Z] >>> [apiv2][body] POST https://cloudresourcemanager.googleapis.com/v1/projects/project-1-5dd73:testIamPermissions {"permissions":["firebase.projects.get","firebasehosting.sites.update"]}
[debug] [2022-02-04T10:33:13.566Z] <<< [apiv2][status] POST https://cloudresourcemanager.googleapis.com/v1/projects/project-1-5dd73:testIamPermissions 200
[debug] [2022-02-04T10:33:13.566Z] <<< [apiv2][body] POST https://cloudresourcemanager.googleapis.com/v1/projects/project-1-5dd73:testIamPermissions {"permissions":["firebase.projects.get","firebasehosting.sites.update"]}
[debug] [2022-02-04T10:33:13.568Z] >>> [apiv2][query] GET https://firebase.googleapis.com/v1beta1/projects/project-1-5dd73 [none]
